<?xml version="1.0" encoding="UTF-8"?>
<!-- Generated by org.testng.reporters.JUnitReportReporter -->
<testsuite hostname="DESKTOP-PM7C0DM" failures="0" tests="1" name="testCases.TC_AccountRegistrationTest" time="2.365" errors="0" timestamp="2024-09-28T13:11:18 IST" skipped="0">
  <testcase classname="testCases.TC_AccountRegistrationTest" name="verify_account_registration" time="2.365"/>
  <system-out/>
</testsuite> <!-- testCases.TC_AccountRegistrationTest -->
