<?xml version="1.0" encoding="UTF-8"?>
<!-- Generated by org.testng.reporters.JUnitReportReporter -->
<testsuite hostname="DESKTOP-NHNL82P" failures="0" tests="1" name="testCases.TC_AccountRegistrationTest" time="1.715" errors="0" timestamp="2024-09-23T18:27:37 IST" skipped="0">
  <testcase classname="testCases.TC_AccountRegistrationTest" name="verify_account_registration" time="1.715"/>
  <system-out/>
</testsuite> <!-- testCases.TC_AccountRegistrationTest -->
