<?xml version="1.0" encoding="UTF-8"?>
<!-- Generated by org.testng.reporters.JUnitReportReporter -->
<testsuite hostname="DESKTOP-NHNL82P" failures="0" tests="1" name="testCases.TC_LoginTest" time="1.948" errors="0" timestamp="2024-09-30T16:11:47 IST" skipped="0">
  <testcase classname="testCases.TC_LoginTest" name="VerifyLogin" time="1.948"/>
  <system-out/>
</testsuite> <!-- testCases.TC_LoginTest -->
