<?xml version="1.0" encoding="UTF-8"?>
<!-- Generated by org.testng.reporters.JUnitReportReporter -->
<testsuite hostname="DESKTOP-PM7C0DM" failures="0" tests="1" name="testCases.TC_LoginTest" time="2.973" errors="0" timestamp="2024-09-29T23:38:22 IST" skipped="0">
  <testcase classname="testCases.TC_LoginTest" name="VerifyLogin" time="2.973"/>
  <system-out/>
</testsuite> <!-- testCases.TC_LoginTest -->
